<?xml version="1.0" encoding="UTF-8"?>
<!-- Generated by org.testng.reporters.JUnitReportReporter -->
<testsuite skipped="0" hostname="LAPTOP-CTRLAISOFTWARE" name="pkg_mavenTestNg.SaucelabsAutomationTestNGTest" tests="1" failures="0" timestamp="2022-09-07T07:35:02 IST" time="13.036" errors="0">
  <testcase name="saucelabsAutomationTestNG" time="13.036" classname="pkg_mavenTestNg.SaucelabsAutomationTestNGTest"/>
  <system-out/>
</testsuite> <!-- pkg_mavenTestNg.SaucelabsAutomationTestNGTest -->
